<?xml version="1.0" ?>
<coverage version="6.3.2" timestamp="1649332951493" lines-valid="612" lines-covered="610" line-rate="0.9967" branches-valid="118" branches-covered="117" branch-rate="0.9915" complexity="0">
	<!-- Generated by coverage.py: https://coverage.readthedocs.io -->
	<!-- Based on https://raw.githubusercontent.com/cobertura/web/master/htdocs/xml/coverage-04.dtd -->
	<sources>
		<source>D:\Study\Mospolytech\4sem\Web\django-web-project</source>
	</sources>
	<packages>
		<package name="albums" line-rate="1" branch-rate="1" complexity="0">
			<classes>
				<class name="__init__.py" filename="albums/__init__.py" complexity="0" line-rate="1" branch-rate="1">
					<methods/>
					<lines/>
				</class>
				<class name="admin.py" filename="albums/admin.py" complexity="0" line-rate="1" branch-rate="1">
					<methods/>
					<lines>
						<line number="1" hits="1"/>
						<line number="2" hits="1"/>
						<line number="4" hits="1"/>
					</lines>
				</class>
				<class name="apps.py" filename="albums/apps.py" complexity="0" line-rate="1" branch-rate="1">
					<methods/>
					<lines>
						<line number="1" hits="1"/>
						<line number="4" hits="1" branch="true" condition-coverage="100% (2/2)"/>
						<line number="5" hits="1"/>
						<line number="6" hits="1"/>
						<line number="7" hits="1"/>
					</lines>
				</class>
				<class name="models.py" filename="albums/models.py" complexity="0" line-rate="1" branch-rate="1">
					<methods/>
					<lines>
						<line number="1" hits="1"/>
						<line number="2" hits="1"/>
						<line number="3" hits="1"/>
						<line number="4" hits="1"/>
						<line number="7" hits="1" branch="true" condition-coverage="100% (2/2)"/>
						<line number="8" hits="1"/>
						<line number="9" hits="1"/>
						<line number="11" hits="1"/>
						<line number="13" hits="1"/>
						<line number="15" hits="1"/>
						<line number="16" hits="1"/>
						<line number="18" hits="1"/>
						<line number="20" hits="1"/>
						<line number="25" hits="1"/>
						<line number="26" hits="1"/>
						<line number="28" hits="1" branch="true" condition-coverage="100% (2/2)"/>
						<line number="29" hits="1"/>
						<line number="30" hits="1"/>
					</lines>
				</class>
				<class name="serializers.py" filename="albums/serializers.py" complexity="0" line-rate="1" branch-rate="1">
					<methods/>
					<lines>
						<line number="1" hits="1"/>
						<line number="2" hits="1"/>
						<line number="5" hits="1" branch="true" condition-coverage="100% (2/2)"/>
						<line number="7" hits="1" branch="true" condition-coverage="100% (2/2)"/>
						<line number="8" hits="1"/>
						<line number="9" hits="1"/>
					</lines>
				</class>
				<class name="views.py" filename="albums/views.py" complexity="0" line-rate="1" branch-rate="1">
					<methods/>
					<lines>
						<line number="1" hits="1"/>
						<line number="2" hits="1"/>
						<line number="3" hits="1"/>
						<line number="4" hits="1"/>
						<line number="5" hits="1"/>
						<line number="6" hits="1"/>
						<line number="7" hits="1"/>
						<line number="8" hits="1"/>
						<line number="9" hits="1"/>
						<line number="12" hits="1" branch="true" condition-coverage="100% (2/2)"/>
						<line number="13" hits="1"/>
						<line number="14" hits="1"/>
						<line number="16" hits="1"/>
						<line number="17" hits="1"/>
						<line number="18" hits="1"/>
						<line number="19" hits="1"/>
						<line number="20" hits="1"/>
						<line number="22" hits="1"/>
						<line number="23" hits="1"/>
						<line number="24" hits="1"/>
						<line number="25" hits="1"/>
						<line number="26" hits="1"/>
						<line number="27" hits="1"/>
						<line number="30" hits="1" branch="true" condition-coverage="100% (2/2)"/>
						<line number="31" hits="1"/>
						<line number="32" hits="1"/>
						<line number="33" hits="1"/>
						<line number="34" hits="1"/>
						<line number="36" hits="1"/>
						<line number="37" hits="1"/>
						<line number="38" hits="1"/>
						<line number="39" hits="1"/>
						<line number="40" hits="1"/>
						<line number="42" hits="1"/>
						<line number="43" hits="1"/>
						<line number="44" hits="1"/>
						<line number="46" hits="1"/>
						<line number="47" hits="1"/>
						<line number="48" hits="1"/>
						<line number="49" hits="1"/>
						<line number="50" hits="1"/>
						<line number="52" hits="1"/>
						<line number="54" hits="1"/>
						<line number="55" hits="1"/>
						<line number="56" hits="1" branch="true" condition-coverage="100% (2/2)"/>
						<line number="58" hits="1"/>
						<line number="60" hits="1"/>
						<line number="61" hits="1"/>
						<line number="63" hits="1"/>
						<line number="64" hits="1"/>
						<line number="65" hits="1"/>
						<line number="66" hits="1"/>
						<line number="68" hits="1" branch="true" condition-coverage="100% (2/2)"/>
						<line number="69" hits="1"/>
						<line number="71" hits="1"/>
						<line number="72" hits="1"/>
						<line number="73" hits="1"/>
						<line number="76" hits="1" branch="true" condition-coverage="100% (2/2)"/>
						<line number="77" hits="1"/>
						<line number="78" hits="1"/>
						<line number="79" hits="1"/>
						<line number="80" hits="1"/>
					</lines>
				</class>
			</classes>
		</package>
		<package name="artists" line-rate="1" branch-rate="1" complexity="0">
			<classes>
				<class name="__init__.py" filename="artists/__init__.py" complexity="0" line-rate="1" branch-rate="1">
					<methods/>
					<lines/>
				</class>
				<class name="admin.py" filename="artists/admin.py" complexity="0" line-rate="1" branch-rate="1">
					<methods/>
					<lines>
						<line number="1" hits="1"/>
						<line number="2" hits="1"/>
						<line number="4" hits="1"/>
					</lines>
				</class>
				<class name="apps.py" filename="artists/apps.py" complexity="0" line-rate="1" branch-rate="1">
					<methods/>
					<lines>
						<line number="1" hits="1"/>
						<line number="4" hits="1" branch="true" condition-coverage="100% (2/2)"/>
						<line number="5" hits="1"/>
						<line number="6" hits="1"/>
						<line number="7" hits="1"/>
					</lines>
				</class>
				<class name="models.py" filename="artists/models.py" complexity="0" line-rate="1" branch-rate="1">
					<methods/>
					<lines>
						<line number="1" hits="1"/>
						<line number="4" hits="1" branch="true" condition-coverage="100% (2/2)"/>
						<line number="5" hits="1"/>
						<line number="7" hits="1"/>
						<line number="9" hits="1"/>
						<line number="11" hits="1"/>
						<line number="12" hits="1"/>
						<line number="14" hits="1"/>
						<line number="16" hits="1"/>
						<line number="17" hits="1"/>
						<line number="19" hits="1" branch="true" condition-coverage="100% (2/2)"/>
						<line number="20" hits="1"/>
						<line number="21" hits="1"/>
					</lines>
				</class>
				<class name="serializers.py" filename="artists/serializers.py" complexity="0" line-rate="1" branch-rate="1">
					<methods/>
					<lines>
						<line number="1" hits="1"/>
						<line number="2" hits="1"/>
						<line number="5" hits="1" branch="true" condition-coverage="100% (2/2)"/>
						<line number="7" hits="1" branch="true" condition-coverage="100% (2/2)"/>
						<line number="8" hits="1"/>
						<line number="9" hits="1"/>
					</lines>
				</class>
				<class name="views.py" filename="artists/views.py" complexity="0" line-rate="1" branch-rate="1">
					<methods/>
					<lines>
						<line number="1" hits="1"/>
						<line number="2" hits="1"/>
						<line number="3" hits="1"/>
						<line number="4" hits="1"/>
						<line number="5" hits="1"/>
						<line number="6" hits="1"/>
						<line number="7" hits="1"/>
						<line number="10" hits="1" branch="true" condition-coverage="100% (2/2)"/>
						<line number="11" hits="1"/>
						<line number="12" hits="1"/>
						<line number="14" hits="1"/>
						<line number="15" hits="1"/>
						<line number="16" hits="1"/>
						<line number="17" hits="1"/>
						<line number="18" hits="1"/>
						<line number="20" hits="1"/>
						<line number="21" hits="1"/>
						<line number="22" hits="1"/>
						<line number="23" hits="1"/>
						<line number="24" hits="1"/>
						<line number="25" hits="1"/>
						<line number="28" hits="1" branch="true" condition-coverage="100% (2/2)"/>
						<line number="29" hits="1"/>
						<line number="30" hits="1"/>
						<line number="31" hits="1"/>
						<line number="32" hits="1"/>
						<line number="34" hits="1"/>
						<line number="35" hits="1"/>
						<line number="36" hits="1"/>
						<line number="37" hits="1"/>
						<line number="39" hits="1"/>
						<line number="41" hits="1"/>
						<line number="42" hits="1"/>
						<line number="43" hits="1"/>
						<line number="45" hits="1"/>
						<line number="46" hits="1"/>
						<line number="47" hits="1"/>
						<line number="48" hits="1"/>
						<line number="49" hits="1"/>
						<line number="51" hits="1"/>
						<line number="53" hits="1"/>
						<line number="54" hits="1"/>
						<line number="55" hits="1" branch="true" condition-coverage="100% (2/2)"/>
						<line number="57" hits="1"/>
						<line number="59" hits="1"/>
						<line number="60" hits="1"/>
						<line number="62" hits="1"/>
						<line number="63" hits="1"/>
						<line number="64" hits="1"/>
						<line number="65" hits="1"/>
						<line number="67" hits="1" branch="true" condition-coverage="100% (2/2)"/>
						<line number="68" hits="1"/>
						<line number="70" hits="1"/>
						<line number="71" hits="1"/>
						<line number="72" hits="1"/>
					</lines>
				</class>
			</classes>
		</package>
		<package name="authentication" line-rate="0.9844" branch-rate="0.9615" complexity="0">
			<classes>
				<class name="__init__.py" filename="authentication/__init__.py" complexity="0" line-rate="1" branch-rate="1">
					<methods/>
					<lines/>
				</class>
				<class name="admin.py" filename="authentication/admin.py" complexity="0" line-rate="1" branch-rate="1">
					<methods/>
					<lines>
						<line number="1" hits="1"/>
						<line number="2" hits="1"/>
						<line number="3" hits="1"/>
						<line number="4" hits="1"/>
						<line number="5" hits="1"/>
						<line number="7" hits="1"/>
						<line number="8" hits="1"/>
						<line number="11" hits="1" branch="true" condition-coverage="100% (2/2)"/>
						<line number="12" hits="1"/>
						<line number="13" hits="1"/>
						<line number="15" hits="1"/>
						<line number="16" hits="1"/>
						<line number="17" hits="1"/>
						<line number="18" hits="1"/>
						<line number="20" hits="1"/>
						<line number="21" hits="1"/>
						<line number="22" hits="1"/>
					</lines>
				</class>
				<class name="apps.py" filename="authentication/apps.py" complexity="0" line-rate="1" branch-rate="1">
					<methods/>
					<lines>
						<line number="1" hits="1"/>
						<line number="4" hits="1" branch="true" condition-coverage="100% (2/2)"/>
						<line number="5" hits="1"/>
						<line number="6" hits="1"/>
						<line number="7" hits="1"/>
					</lines>
				</class>
				<class name="views.py" filename="authentication/views.py" complexity="0" line-rate="0.9811" branch-rate="0.9545">
					<methods/>
					<lines>
						<line number="1" hits="1"/>
						<line number="2" hits="1"/>
						<line number="3" hits="1"/>
						<line number="4" hits="1"/>
						<line number="5" hits="1"/>
						<line number="6" hits="1"/>
						<line number="7" hits="1"/>
						<line number="8" hits="1"/>
						<line number="9" hits="1"/>
						<line number="10" hits="1"/>
						<line number="11" hits="1"/>
						<line number="12" hits="1"/>
						<line number="13" hits="1"/>
						<line number="14" hits="1"/>
						<line number="15" hits="1"/>
						<line number="16" hits="1"/>
						<line number="19" hits="1" branch="true" condition-coverage="100% (2/2)"/>
						<line number="20" hits="1"/>
						<line number="21" hits="1"/>
						<line number="23" hits="1"/>
						<line number="24" hits="1"/>
						<line number="25" hits="1"/>
						<line number="26" hits="1"/>
						<line number="28" hits="1"/>
						<line number="29" hits="1" branch="true" condition-coverage="100% (2/2)"/>
						<line number="30" hits="1"/>
						<line number="32" hits="1"/>
						<line number="34" hits="1"/>
						<line number="36" hits="1"/>
						<line number="40" hits="1"/>
						<line number="42" hits="1"/>
						<line number="43" hits="1"/>
						<line number="44" hits="1"/>
						<line number="46" hits="1"/>
						<line number="48" hits="1"/>
						<line number="54" hits="1"/>
						<line number="56" hits="1"/>
						<line number="57" hits="1"/>
						<line number="58" hits="1" branch="true" condition-coverage="100% (2/2)"/>
						<line number="59" hits="1"/>
						<line number="60" hits="1" branch="true" condition-coverage="100% (2/2)"/>
						<line number="61" hits="1"/>
						<line number="62" hits="1"/>
						<line number="63" hits="1" branch="true" condition-coverage="100% (2/2)"/>
						<line number="64" hits="1"/>
						<line number="66" hits="1"/>
						<line number="67" hits="1"/>
						<line number="68" hits="1"/>
						<line number="69" hits="1"/>
						<line number="71" hits="1" branch="true" condition-coverage="100% (2/2)"/>
						<line number="72" hits="1"/>
						<line number="74" hits="1" branch="true" condition-coverage="100% (2/2)"/>
						<line number="75" hits="1"/>
						<line number="77" hits="1"/>
						<line number="78" hits="1"/>
						<line number="79" hits="1"/>
						<line number="80" hits="1"/>
						<line number="81" hits="1"/>
						<line number="82" hits="1"/>
						<line number="84" hits="1"/>
						<line number="86" hits="1"/>
						<line number="87" hits="1"/>
						<line number="88" hits="1" branch="true" condition-coverage="100% (2/2)"/>
						<line number="89" hits="1"/>
						<line number="90" hits="1"/>
						<line number="91" hits="1"/>
						<line number="92" hits="1"/>
						<line number="93" hits="1"/>
						<line number="94" hits="1"/>
						<line number="95" hits="1"/>
						<line number="97" hits="1"/>
						<line number="98" hits="1"/>
						<line number="99" hits="1"/>
						<line number="101" hits="1"/>
						<line number="103" hits="1"/>
						<line number="104" hits="1"/>
						<line number="105" hits="1"/>
						<line number="106" hits="1" branch="true" condition-coverage="100% (2/2)"/>
						<line number="107" hits="1"/>
						<line number="108" hits="1"/>
						<line number="110" hits="1"/>
						<line number="111" hits="1"/>
						<line number="112" hits="1"/>
						<line number="113" hits="1"/>
						<line number="114" hits="1"/>
						<line number="115" hits="1" branch="true" condition-coverage="50% (1/2)" missing-branches="116"/>
						<line number="116" hits="0"/>
						<line number="117" hits="0"/>
						<line number="119" hits="1"/>
						<line number="121" hits="1"/>
						<line number="123" hits="1"/>
						<line number="124" hits="1"/>
						<line number="125" hits="1"/>
						<line number="126" hits="1"/>
						<line number="129" hits="1" branch="true" condition-coverage="100% (2/2)"/>
						<line number="130" hits="1"/>
						<line number="131" hits="1"/>
						<line number="132" hits="1"/>
						<line number="134" hits="1"/>
						<line number="135" hits="1"/>
						<line number="136" hits="1"/>
						<line number="137" hits="1"/>
						<line number="138" hits="1"/>
						<line number="139" hits="1"/>
						<line number="140" hits="1"/>
						<line number="141" hits="1"/>
					</lines>
				</class>
			</classes>
		</package>
		<package name="core" line-rate="1" branch-rate="1" complexity="0">
			<classes>
				<class name="__init__.py" filename="core/__init__.py" complexity="0" line-rate="1" branch-rate="1">
					<methods/>
					<lines>
						<line number="1" hits="1"/>
						<line number="3" hits="1"/>
					</lines>
				</class>
				<class name="celery.py" filename="core/celery.py" complexity="0" line-rate="1" branch-rate="1">
					<methods/>
					<lines>
						<line number="1" hits="1"/>
						<line number="2" hits="1"/>
						<line number="3" hits="1"/>
						<line number="5" hits="1"/>
						<line number="7" hits="1"/>
						<line number="8" hits="1"/>
						<line number="10" hits="1"/>
						<line number="12" hits="1"/>
					</lines>
				</class>
				<class name="settings.py" filename="core/settings.py" complexity="0" line-rate="1" branch-rate="1">
					<methods/>
					<lines>
						<line number="1" hits="1"/>
						<line number="2" hits="1"/>
						<line number="3" hits="1"/>
						<line number="4" hits="1"/>
						<line number="5" hits="1"/>
						<line number="7" hits="1"/>
						<line number="9" hits="1"/>
						<line number="11" hits="1"/>
						<line number="13" hits="1"/>
						<line number="15" hits="1"/>
						<line number="17" hits="1"/>
						<line number="20" hits="1"/>
						<line number="45" hits="1"/>
						<line number="57" hits="1"/>
						<line number="59" hits="1"/>
						<line number="75" hits="1"/>
						<line number="77" hits="1"/>
						<line number="80" hits="1"/>
						<line number="93" hits="1"/>
						<line number="109" hits="1"/>
						<line number="111" hits="1"/>
						<line number="113" hits="1"/>
						<line number="115" hits="1"/>
						<line number="117" hits="1"/>
						<line number="118" hits="1"/>
						<line number="120" hits="1"/>
						<line number="121" hits="1"/>
						<line number="123" hits="1"/>
						<line number="125" hits="1"/>
						<line number="126" hits="1"/>
						<line number="128" hits="1"/>
						<line number="139" hits="1"/>
						<line number="140" hits="1"/>
						<line number="141" hits="1"/>
						<line number="142" hits="1"/>
						<line number="143" hits="1"/>
						<line number="144" hits="1"/>
						<line number="146" hits="1"/>
						<line number="154" hits="1"/>
						<line number="155" hits="1"/>
						<line number="156" hits="1"/>
						<line number="157" hits="1"/>
						<line number="158" hits="1"/>
						<line number="159" hits="1"/>
						<line number="160" hits="1"/>
						<line number="161" hits="1"/>
						<line number="162" hits="1"/>
					</lines>
				</class>
				<class name="views.py" filename="core/views.py" complexity="0" line-rate="1" branch-rate="1">
					<methods/>
					<lines>
						<line number="1" hits="1"/>
						<line number="2" hits="1"/>
						<line number="3" hits="1"/>
						<line number="5" hits="1"/>
					</lines>
				</class>
			</classes>
		</package>
		<package name="genres" line-rate="1" branch-rate="1" complexity="0">
			<classes>
				<class name="__init__.py" filename="genres/__init__.py" complexity="0" line-rate="1" branch-rate="1">
					<methods/>
					<lines/>
				</class>
				<class name="admin.py" filename="genres/admin.py" complexity="0" line-rate="1" branch-rate="1">
					<methods/>
					<lines>
						<line number="1" hits="1"/>
						<line number="2" hits="1"/>
						<line number="4" hits="1"/>
					</lines>
				</class>
				<class name="apps.py" filename="genres/apps.py" complexity="0" line-rate="1" branch-rate="1">
					<methods/>
					<lines>
						<line number="1" hits="1"/>
						<line number="4" hits="1" branch="true" condition-coverage="100% (2/2)"/>
						<line number="5" hits="1"/>
						<line number="6" hits="1"/>
						<line number="7" hits="1"/>
					</lines>
				</class>
				<class name="models.py" filename="genres/models.py" complexity="0" line-rate="1" branch-rate="1">
					<methods/>
					<lines>
						<line number="1" hits="1"/>
						<line number="4" hits="1" branch="true" condition-coverage="100% (2/2)"/>
						<line number="5" hits="1"/>
						<line number="6" hits="1"/>
						<line number="7" hits="1"/>
						<line number="10" hits="1"/>
						<line number="11" hits="1"/>
						<line number="13" hits="1" branch="true" condition-coverage="100% (2/2)"/>
						<line number="14" hits="1"/>
						<line number="15" hits="1"/>
					</lines>
				</class>
				<class name="serializers.py" filename="genres/serializers.py" complexity="0" line-rate="1" branch-rate="1">
					<methods/>
					<lines>
						<line number="1" hits="1"/>
						<line number="2" hits="1"/>
						<line number="5" hits="1" branch="true" condition-coverage="100% (2/2)"/>
						<line number="6" hits="1" branch="true" condition-coverage="100% (2/2)"/>
						<line number="7" hits="1"/>
						<line number="8" hits="1"/>
					</lines>
				</class>
				<class name="views.py" filename="genres/views.py" complexity="0" line-rate="1" branch-rate="1">
					<methods/>
					<lines>
						<line number="1" hits="1"/>
						<line number="2" hits="1"/>
						<line number="3" hits="1"/>
						<line number="4" hits="1"/>
						<line number="5" hits="1"/>
						<line number="6" hits="1"/>
						<line number="7" hits="1"/>
						<line number="10" hits="1" branch="true" condition-coverage="100% (2/2)"/>
						<line number="11" hits="1"/>
						<line number="12" hits="1"/>
						<line number="14" hits="1"/>
						<line number="15" hits="1"/>
						<line number="16" hits="1"/>
						<line number="17" hits="1"/>
						<line number="18" hits="1"/>
						<line number="20" hits="1"/>
						<line number="21" hits="1"/>
						<line number="22" hits="1"/>
						<line number="23" hits="1"/>
						<line number="24" hits="1"/>
						<line number="25" hits="1"/>
						<line number="28" hits="1" branch="true" condition-coverage="100% (2/2)"/>
						<line number="29" hits="1"/>
						<line number="30" hits="1"/>
						<line number="31" hits="1"/>
						<line number="32" hits="1"/>
						<line number="34" hits="1"/>
						<line number="35" hits="1"/>
						<line number="36" hits="1"/>
						<line number="37" hits="1"/>
						<line number="38" hits="1"/>
						<line number="40" hits="1"/>
						<line number="41" hits="1"/>
						<line number="42" hits="1"/>
						<line number="44" hits="1"/>
						<line number="45" hits="1"/>
						<line number="46" hits="1"/>
						<line number="47" hits="1"/>
						<line number="48" hits="1"/>
						<line number="50" hits="1"/>
						<line number="52" hits="1"/>
						<line number="53" hits="1"/>
						<line number="54" hits="1" branch="true" condition-coverage="100% (2/2)"/>
						<line number="56" hits="1"/>
						<line number="58" hits="1"/>
						<line number="59" hits="1"/>
						<line number="61" hits="1"/>
						<line number="62" hits="1"/>
						<line number="63" hits="1"/>
						<line number="64" hits="1"/>
						<line number="66" hits="1" branch="true" condition-coverage="100% (2/2)"/>
						<line number="67" hits="1"/>
						<line number="69" hits="1"/>
						<line number="70" hits="1"/>
						<line number="71" hits="1"/>
					</lines>
				</class>
			</classes>
		</package>
		<package name="playlists" line-rate="1" branch-rate="1" complexity="0">
			<classes>
				<class name="__init__.py" filename="playlists/__init__.py" complexity="0" line-rate="1" branch-rate="1">
					<methods/>
					<lines/>
				</class>
				<class name="admin.py" filename="playlists/admin.py" complexity="0" line-rate="1" branch-rate="1">
					<methods/>
					<lines>
						<line number="1" hits="1"/>
						<line number="2" hits="1"/>
						<line number="4" hits="1"/>
					</lines>
				</class>
				<class name="apps.py" filename="playlists/apps.py" complexity="0" line-rate="1" branch-rate="1">
					<methods/>
					<lines>
						<line number="1" hits="1"/>
						<line number="4" hits="1" branch="true" condition-coverage="100% (2/2)"/>
						<line number="5" hits="1"/>
						<line number="6" hits="1"/>
						<line number="7" hits="1"/>
					</lines>
				</class>
				<class name="models.py" filename="playlists/models.py" complexity="0" line-rate="1" branch-rate="1">
					<methods/>
					<lines>
						<line number="1" hits="1"/>
						<line number="2" hits="1"/>
						<line number="5" hits="1" branch="true" condition-coverage="100% (2/2)"/>
						<line number="6" hits="1"/>
						<line number="7" hits="1"/>
						<line number="8" hits="1"/>
						<line number="10" hits="1"/>
						<line number="12" hits="1"/>
						<line number="15" hits="1"/>
						<line number="16" hits="1"/>
						<line number="18" hits="1" branch="true" condition-coverage="100% (2/2)"/>
						<line number="19" hits="1"/>
						<line number="20" hits="1"/>
					</lines>
				</class>
				<class name="serializers.py" filename="playlists/serializers.py" complexity="0" line-rate="1" branch-rate="1">
					<methods/>
					<lines>
						<line number="1" hits="1"/>
						<line number="2" hits="1"/>
						<line number="5" hits="1" branch="true" condition-coverage="100% (2/2)"/>
						<line number="7" hits="1" branch="true" condition-coverage="100% (2/2)"/>
						<line number="8" hits="1"/>
						<line number="9" hits="1"/>
					</lines>
				</class>
				<class name="views.py" filename="playlists/views.py" complexity="0" line-rate="1" branch-rate="1">
					<methods/>
					<lines>
						<line number="1" hits="1"/>
						<line number="2" hits="1"/>
						<line number="3" hits="1"/>
						<line number="4" hits="1"/>
						<line number="5" hits="1"/>
						<line number="6" hits="1"/>
						<line number="7" hits="1"/>
						<line number="10" hits="1" branch="true" condition-coverage="100% (2/2)"/>
						<line number="11" hits="1"/>
						<line number="12" hits="1"/>
						<line number="14" hits="1"/>
						<line number="15" hits="1"/>
						<line number="16" hits="1"/>
						<line number="17" hits="1"/>
						<line number="18" hits="1"/>
						<line number="20" hits="1"/>
						<line number="21" hits="1"/>
						<line number="22" hits="1"/>
						<line number="23" hits="1"/>
						<line number="24" hits="1"/>
						<line number="25" hits="1"/>
						<line number="28" hits="1" branch="true" condition-coverage="100% (2/2)"/>
						<line number="29" hits="1"/>
						<line number="30" hits="1"/>
						<line number="31" hits="1"/>
						<line number="32" hits="1"/>
						<line number="34" hits="1"/>
						<line number="35" hits="1"/>
						<line number="36" hits="1"/>
						<line number="37" hits="1"/>
						<line number="38" hits="1"/>
						<line number="40" hits="1"/>
						<line number="41" hits="1"/>
						<line number="42" hits="1"/>
						<line number="44" hits="1"/>
						<line number="45" hits="1"/>
						<line number="46" hits="1"/>
						<line number="47" hits="1"/>
						<line number="48" hits="1"/>
						<line number="50" hits="1"/>
						<line number="52" hits="1"/>
						<line number="53" hits="1"/>
						<line number="54" hits="1" branch="true" condition-coverage="100% (2/2)"/>
						<line number="56" hits="1"/>
						<line number="58" hits="1"/>
						<line number="59" hits="1"/>
						<line number="61" hits="1"/>
						<line number="62" hits="1"/>
						<line number="63" hits="1"/>
						<line number="64" hits="1"/>
						<line number="66" hits="1" branch="true" condition-coverage="100% (2/2)"/>
						<line number="67" hits="1"/>
						<line number="69" hits="1"/>
						<line number="70" hits="1"/>
						<line number="71" hits="1"/>
					</lines>
				</class>
			</classes>
		</package>
		<package name="tracks" line-rate="1" branch-rate="1" complexity="0">
			<classes>
				<class name="__init__.py" filename="tracks/__init__.py" complexity="0" line-rate="1" branch-rate="1">
					<methods/>
					<lines/>
				</class>
				<class name="admin.py" filename="tracks/admin.py" complexity="0" line-rate="1" branch-rate="1">
					<methods/>
					<lines>
						<line number="1" hits="1"/>
						<line number="2" hits="1"/>
						<line number="4" hits="1"/>
					</lines>
				</class>
				<class name="apps.py" filename="tracks/apps.py" complexity="0" line-rate="1" branch-rate="1">
					<methods/>
					<lines>
						<line number="1" hits="1"/>
						<line number="4" hits="1" branch="true" condition-coverage="100% (2/2)"/>
						<line number="5" hits="1"/>
						<line number="6" hits="1"/>
						<line number="7" hits="1"/>
					</lines>
				</class>
				<class name="models.py" filename="tracks/models.py" complexity="0" line-rate="1" branch-rate="1">
					<methods/>
					<lines>
						<line number="1" hits="1"/>
						<line number="2" hits="1"/>
						<line number="3" hits="1"/>
						<line number="4" hits="1"/>
						<line number="7" hits="1" branch="true" condition-coverage="100% (2/2)"/>
						<line number="8" hits="1"/>
						<line number="9" hits="1"/>
						<line number="11" hits="1"/>
						<line number="13" hits="1"/>
						<line number="15" hits="1"/>
						<line number="17" hits="1"/>
						<line number="19" hits="1"/>
						<line number="21" hits="1"/>
						<line number="22" hits="1"/>
						<line number="24" hits="1" branch="true" condition-coverage="100% (2/2)"/>
						<line number="25" hits="1"/>
						<line number="26" hits="1"/>
					</lines>
				</class>
				<class name="serializers.py" filename="tracks/serializers.py" complexity="0" line-rate="1" branch-rate="1">
					<methods/>
					<lines>
						<line number="1" hits="1"/>
						<line number="2" hits="1"/>
						<line number="5" hits="1" branch="true" condition-coverage="100% (2/2)"/>
						<line number="7" hits="1" branch="true" condition-coverage="100% (2/2)"/>
						<line number="8" hits="1"/>
						<line number="9" hits="1"/>
					</lines>
				</class>
				<class name="views.py" filename="tracks/views.py" complexity="0" line-rate="1" branch-rate="1">
					<methods/>
					<lines>
						<line number="1" hits="1"/>
						<line number="2" hits="1"/>
						<line number="3" hits="1"/>
						<line number="4" hits="1"/>
						<line number="5" hits="1"/>
						<line number="6" hits="1"/>
						<line number="7" hits="1"/>
						<line number="10" hits="1" branch="true" condition-coverage="100% (2/2)"/>
						<line number="11" hits="1"/>
						<line number="12" hits="1"/>
						<line number="14" hits="1"/>
						<line number="15" hits="1"/>
						<line number="16" hits="1"/>
						<line number="17" hits="1"/>
						<line number="18" hits="1"/>
						<line number="20" hits="1"/>
						<line number="21" hits="1"/>
						<line number="22" hits="1"/>
						<line number="23" hits="1"/>
						<line number="24" hits="1"/>
						<line number="25" hits="1"/>
						<line number="28" hits="1" branch="true" condition-coverage="100% (2/2)"/>
						<line number="29" hits="1"/>
						<line number="30" hits="1"/>
						<line number="31" hits="1"/>
						<line number="32" hits="1"/>
						<line number="34" hits="1"/>
						<line number="35" hits="1"/>
						<line number="36" hits="1"/>
						<line number="37" hits="1"/>
						<line number="38" hits="1"/>
						<line number="40" hits="1"/>
						<line number="41" hits="1"/>
						<line number="42" hits="1"/>
						<line number="44" hits="1"/>
						<line number="45" hits="1"/>
						<line number="46" hits="1"/>
						<line number="47" hits="1"/>
						<line number="48" hits="1"/>
						<line number="50" hits="1"/>
						<line number="52" hits="1"/>
						<line number="53" hits="1"/>
						<line number="54" hits="1" branch="true" condition-coverage="100% (2/2)"/>
						<line number="56" hits="1"/>
						<line number="58" hits="1"/>
						<line number="59" hits="1"/>
						<line number="61" hits="1"/>
						<line number="62" hits="1"/>
						<line number="63" hits="1"/>
						<line number="64" hits="1"/>
						<line number="66" hits="1" branch="true" condition-coverage="100% (2/2)"/>
						<line number="67" hits="1"/>
						<line number="69" hits="1"/>
						<line number="71" hits="1"/>
						<line number="72" hits="1"/>
					</lines>
				</class>
			</classes>
		</package>
	</packages>
</coverage>
